Added Component: Designator=C1(CAP: SMD 0805 MD IPC 782)
Add component (AddParameter): Name = "Code"; Value = "6279352311"; VariantName = "[No Variations]"
Add component (AddParameter): Name = "Name"; Value = "Конденсатор NPO 50V 6800pF ±5% 0805"; VariantName = "[No Variations]"
Added Component: Designator=C2(CAP: SMD 0805 MD IPC 782)
Add component (AddParameter): Name = "Code"; Value = "6279352311"; VariantName = "[No Variations]"
Add component (AddParameter): Name = "Name"; Value = "Конденсатор NPO 50V 6800pF ±5% 0805"; VariantName = "[No Variations]"
Added Component: Designator=C3(CAP: SMD 0805 MD IPC 782)
Add component (AddParameter): Name = "Code"; Value = "6279254871"; VariantName = "[No Variations]"
Add component (AddParameter): Name = "Name"; Value = "Конденсатор X7R 50V 0,1uF ±10% 0805"; VariantName = "[No Variations]"
Added Component: Designator=C4(CAP: SMD 0805 MD IPC 782)
Add component (AddParameter): Name = "Code"; Value = "6279352311"; VariantName = "[No Variations]"
Add component (AddParameter): Name = "Name"; Value = "Конденсатор NPO 50V 6800pF ±5% 0805"; VariantName = "[No Variations]"
Added Component: Designator=C5(CAP: SMD 0805 MD IPC 782)
Add component (AddParameter): Name = "Code"; Value = "6279352311"; VariantName = "[No Variations]"
Add component (AddParameter): Name = "Name"; Value = "Конденсатор NPO 50V 6800pF ±5% 0805"; VariantName = "[No Variations]"
Added Component: Designator=C6(CAP: SMD 0805 MD IPC 782)
Add component (AddParameter): Name = "Code"; Value = "6279352311"; VariantName = "[No Variations]"
Add component (AddParameter): Name = "Name"; Value = "Конденсатор NPO 50V 6800pF ±5% 0805"; VariantName = "[No Variations]"
Added Component: Designator=C7(CAP: SMD 0805 MD IPC 782)
Add component (AddParameter): Name = "Code"; Value = "6279254871"; VariantName = "[No Variations]"
Add component (AddParameter): Name = "Name"; Value = "Конденсатор X7R 50V 0,1uF ±10% 0805"; VariantName = "[No Variations]"
Added Component: Designator=C8(CAP: SMD 0805 MD IPC 782)
Add component (AddParameter): Name = "Code"; Value = "6279261451"; VariantName = "[No Variations]"
Add component (AddParameter): Name = "Name"; Value = "Конденсатор X7R 50V  0,01uF±5%  0805"; VariantName = "[No Variations]"
Added Component: Designator=C9(CAP: SMD 0805 MD IPC 782)
Add component (AddParameter): Name = "Code"; Value = "6289735441"; VariantName = "[No Variations]"
Add component (AddParameter): Name = "Name"; Value = "Конденсатор 12065D106KAT2A, AVX"; VariantName = "[No Variations]"
Added Component: Designator=C10(CAP: SMD 0805 MD IPC 782)
Add component (AddParameter): Name = "Code"; Value = "6289735441"; VariantName = "[No Variations]"
Add component (AddParameter): Name = "Name"; Value = "Конденсатор 12065D106KAT2A, AVX"; VariantName = "[No Variations]"
Added Component: Designator=C11(CAP: SMD 0805 MD IPC 782)
Add component (AddParameter): Name = "Code"; Value = "6279254871"; VariantName = "[No Variations]"
Add component (AddParameter): Name = "Name"; Value = "Конденсатор X7R 50V 0,1uF ±10% 0805"; VariantName = "[No Variations]"
Added Component: Designator=C12(CAP: SMD 0805 MD IPC 782)
Add component (AddParameter): Name = "Code"; Value = "6279254871"; VariantName = "[No Variations]"
Add component (AddParameter): Name = "Name"; Value = "Конденсатор X7R 50V 0,1uF ±10% 0805"; VariantName = "[No Variations]"
Added Component: Designator=C13(CAP: SMD 0805 MD IPC 782)
Add component (AddParameter): Name = "Code"; Value = "6279352311"; VariantName = "[No Variations]"
Add component (AddParameter): Name = "Name"; Value = "Конденсатор NPO 50V 6800pF ±5% 0805"; VariantName = "[No Variations]"
Added Component: Designator=C14(CAP: SMD 0805 MD IPC 782)
Add component (AddParameter): Name = "Code"; Value = "6279254871"; VariantName = "[No Variations]"
Add component (AddParameter): Name = "Name"; Value = "Конденсатор X7R 50V 0,1uF ±10% 0805"; VariantName = "[No Variations]"
Added Component: Designator=C15(CAP: SMD 0805 MD IPC 782)
Add component (AddParameter): Name = "Code"; Value = "6279254871"; VariantName = "[No Variations]"
Add component (AddParameter): Name = "Name"; Value = "Конденсатор X7R 50V 0,1uF ±10% 0805"; VariantName = "[No Variations]"
Added Component: Designator=C16(CAP: SMD 0805 MD IPC 782)
Add component (AddParameter): Name = "Code"; Value = "6279254871"; VariantName = "[No Variations]"
Add component (AddParameter): Name = "Name"; Value = "Конденсатор X7R 50V 0,1uF ±10% 0805"; VariantName = "[No Variations]"
Added Component: Designator=C17(CAP: SMD 0805 MD IPC 782)
Add component (AddParameter): Name = "Code"; Value = "6279254871"; VariantName = "[No Variations]"
Add component (AddParameter): Name = "Name"; Value = "Конденсатор X7R 50V 0,1uF ±10% 0805"; VariantName = "[No Variations]"
Added Component: Designator=C18(CAP: SMD 0805 MD IPC 782)
Add component (AddParameter): Name = "Code"; Value = "6279254871"; VariantName = "[No Variations]"
Add component (AddParameter): Name = "Name"; Value = "Конденсатор X7R 50V 0,1uF ±10% 0805"; VariantName = "[No Variations]"
Added Component: Designator=C19(CAP: SMD 0805 MD IPC 782)
Add component (AddParameter): Name = "Code"; Value = "6279254871"; VariantName = "[No Variations]"
Add component (AddParameter): Name = "Name"; Value = "Конденсатор X7R 50V 0,1uF ±10% 0805"; VariantName = "[No Variations]"
Added Component: Designator=C20(CAP: SMD 0805 MD IPC 782)
Add component (AddParameter): Name = "Code"; Value = "6279254871"; VariantName = "[No Variations]"
Add component (AddParameter): Name = "Name"; Value = "Конденсатор X7R 50V 0,1uF ±10% 0805"; VariantName = "[No Variations]"
Added Component: Designator=C21(CAP: SMD 0805 MD IPC 782)
Add component (AddParameter): Name = "Code"; Value = "6279254871"; VariantName = "[No Variations]"
Add component (AddParameter): Name = "Name"; Value = "Конденсатор X7R 50V 0,1uF ±10% 0805"; VariantName = "[No Variations]"
Added Component: Designator=C22(CAP: SMD 0805 MD IPC 782)
Add component (AddParameter): Name = "Code"; Value = "6279254871"; VariantName = "[No Variations]"
Add component (AddParameter): Name = "Name"; Value = "Конденсатор X7R 50V 0,1uF ±10% 0805"; VariantName = "[No Variations]"
Added Component: Designator=DA1(IC: SOIC 8)
Added Component: Designator=DA2(IC: SOIC 8)
Added Component: Designator=DA3(IC: SOIC 8)
Added Component: Designator=DA4(IC: SOIC 8)
Added Component: Designator=DA5(IC: SOIC 14)
Added Component: Designator=DA6(SIP-6)
Add component (AddParameter): Name = "Code"; Value = "6339113551"; VariantName = "[No Variations]"
Add component (AddParameter): Name = "Name"; Value = "Микросхема AM2D-0512DZ, AIMTEC"; VariantName = "[No Variations]"
Added Component: Designator=DA7(IC: SOT 223)
Add component (AddParameter): Name = "Code"; Value = "6339112951"; VariantName = "[No Variations]"
Add component (AddParameter): Name = "Name"; Value = "Микросхема AMS-1117-3.3"; VariantName = "[No Variations]"
Added Component: Designator=DD1(IC: SOIC 14)
Add component (AddParameter): Name = "Code"; Value = "6330002931"; VariantName = "[No Variations]"
Add component (AddParameter): Name = "Name"; Value = "Микросхема IW4093BD, ТУ РБ 14513714.005-03-95"; VariantName = "[No Variations]"
Added Component: Designator=L1(IND: SM-LP-5001E)
Added Component: Designator=R1(RES: SMD 0805 MD IPC 782)
Add component (AddParameter): Name = "Code"; Value = "6094357331"; VariantName = "[No Variations]"
Add component (AddParameter): Name = "Name"; Value = "Резистор 3К ±1% 0805"; VariantName = "[No Variations]"
Added Component: Designator=R2(RES: SMD 0805 MD IPC 782)
Add component (AddParameter): Name = "Code"; Value = "6094357331"; VariantName = "[No Variations]"
Add component (AddParameter): Name = "Name"; Value = "Резистор 3К ±1% 0805"; VariantName = "[No Variations]"
Added Component: Designator=R3(RES: SMD 0805 MD IPC 782)
Add component (AddParameter): Name = "Code"; Value = "6094351171"; VariantName = "[No Variations]"
Add component (AddParameter): Name = "Name"; Value = "Резистор 100R±1%  0805"; VariantName = "[No Variations]"
Added Component: Designator=R4(RES: SMD 0805 MD IPC 782)
Add component (AddParameter): Name = "Code"; Value = "6027158691"; VariantName = "[No Variations]"
Add component (AddParameter): Name = "Name"; Value = "Резистор RC0805FR-071KL, Yageo"; VariantName = "[No Variations]"
Added Component: Designator=R5(RES: SMD 0805 MD IPC 782)
Add component (AddParameter): Name = "Code"; Value = "6019041741"; VariantName = "[No Variations]"
Add component (AddParameter): Name = "Name"; Value = "Резистор RC0805FR-07820KL, Yageo"; VariantName = "[No Variations]"
Added Component: Designator=R6(RES: SMD 0805 MD IPC 782)
Add component (AddParameter): Name = "Code"; Value = "6069137191"; VariantName = "[No Variations]"
Add component (AddParameter): Name = "Name"; Value = "Резистор 510R±1%  0805"; VariantName = "[No Variations]"
Added Component: Designator=R7(RES: SMD 0805 MD IPC 782)
Add component (AddParameter): Name = "Code"; Value = "6069137191"; VariantName = "[No Variations]"
Add component (AddParameter): Name = "Name"; Value = "Резистор 510R±1%  0805"; VariantName = "[No Variations]"
Added Component: Designator=R8(RES: SMD 0805 MD IPC 782)
Add component (AddParameter): Name = "Code"; Value = "6094352561"; VariantName = "[No Variations]"
Add component (AddParameter): Name = "Name"; Value = "Резистор 2k±1%  0805"; VariantName = "[No Variations]"
Added Component: Designator=R9(RES: SMD 0805 MD IPC 782)
Add component (AddParameter): Name = "Code"; Value = "6069137191"; VariantName = "[No Variations]"
Add component (AddParameter): Name = "Name"; Value = "Резистор 510R±1%  0805"; VariantName = "[No Variations]"
Added Component: Designator=R10(RES: SMD 0805 MD IPC 782)
Add component (AddParameter): Name = "Code"; Value = "6069137191"; VariantName = "[No Variations]"
Add component (AddParameter): Name = "Name"; Value = "Резистор 510R±1%  0805"; VariantName = "[No Variations]"
Added Component: Designator=R11(RES: SMD 0603 MD IPC 782)
Add component (AddParameter): Name = "Code"; Value = "6069180761"; VariantName = "[No Variations]"
Add component (AddParameter): Name = "Name"; Value = "Резистор 680R ±1% 0603"; VariantName = "[No Variations]"
Added Component: Designator=R12(RES: SMD 0603 MD IPC 782)
Add component (AddParameter): Name = "Code"; Value = "6069180761"; VariantName = "[No Variations]"
Add component (AddParameter): Name = "Name"; Value = "Резистор 680R ±1% 0603"; VariantName = "[No Variations]"
Added Component: Designator=R13(RES: SMD 0603 MD IPC 782)
Add component (AddParameter): Name = "Code"; Value = "6069180761"; VariantName = "[No Variations]"
Add component (AddParameter): Name = "Name"; Value = "Резистор 680R ±1% 0603"; VariantName = "[No Variations]"
Added Component: Designator=R14(RES: SMD 0603 MD IPC 782)
Add component (AddParameter): Name = "Code"; Value = "6069180761"; VariantName = "[No Variations]"
Add component (AddParameter): Name = "Name"; Value = "Резистор 680R ±1% 0603"; VariantName = "[No Variations]"
Added Component: Designator=R15(RES: SMD 0805 MD IPC 782)
Add component (AddParameter): Name = "Code"; Value = "6094342239"; VariantName = "[No Variations]"
Add component (AddParameter): Name = "Name"; Value = "Резистор 0R ±1% 0805"; VariantName = "[No Variations]"
Added Component: Designator=R16(RES: SMD 0805 MD IPC 782)
Add component (AddParameter): Name = "Code"; Value = "6094342239"; VariantName = "[No Variations]"
Add component (AddParameter): Name = "Name"; Value = "Резистор 0R ±1% 0805"; VariantName = "[No Variations]"
Added Component: Designator=R17(RES: SMD 0805 MD IPC 782)
Add component (AddParameter): Name = "Code"; Value = "6094352561"; VariantName = "[No Variations]"
Add component (AddParameter): Name = "Name"; Value = "Резистор 2k±1%  0805"; VariantName = "[No Variations]"
Added Component: Designator=R18(RES: SMD 0603 MD IPC 782)
Add component (AddParameter): Name = "Code"; Value = "6069174188"; VariantName = "[No Variations]"
Add component (AddParameter): Name = "Name"; Value = "Резистор 1k ±1% 0603"; VariantName = "[No Variations]"
Added Component: Designator=R19(RES: SMD 0603 MD IPC 782)
Add component (AddParameter): Name = "Code"; Value = "6069174188"; VariantName = "[No Variations]"
Add component (AddParameter): Name = "Name"; Value = "Резистор 1k ±1% 0603"; VariantName = "[No Variations]"
Added Component: Designator=R20(RES: SMD 0805 MD IPC 782)
Add component (AddParameter): Name = "Code"; Value = "6094357025"; VariantName = "[No Variations]"
Add component (AddParameter): Name = "Name"; Value = "Резистор 300R±1%  0805"; VariantName = "[No Variations]"
Added Component: Designator=R21(RES: SMD 0603 MD IPC 782)
Add component (AddParameter): Name = "Code"; Value = "6094357331"; VariantName = "[No Variations]"
Add component (AddParameter): Name = "Name"; Value = "Резистор 3К ±1% 0603"; VariantName = "[No Variations]"
Added Component: Designator=R22(RES: SMD 0805 MD IPC 782)
Add component (AddParameter): Name = "Code"; Value = "6027158691"; VariantName = "[No Variations]"
Add component (AddParameter): Name = "Name"; Value = "Резистор RC0805FR-071KL, Yageo"; VariantName = "[No Variations]"
Added Component: Designator=R23(RES: SMD 0805 MD IPC 782)
Add component (AddParameter): Name = "Code"; Value = "6094357331"; VariantName = "[No Variations]"
Add component (AddParameter): Name = "Name"; Value = "Резистор 3К ±1% 0805"; VariantName = "[No Variations]"
Added Component: Designator=R24(RES: SMD 0603 MD IPC 782)
Add component (AddParameter): Name = "Code"; Value = "6069180621"; VariantName = "[No Variations]"
Add component (AddParameter): Name = "Name"; Value = "Резистор 200R±1% 0603"; VariantName = "[No Variations]"
Added Component: Designator=R25(RES: SMD 0805 MD IPC 782)
Add component (AddParameter): Name = "Code"; Value = "6094352561"; VariantName = "[No Variations]"
Add component (AddParameter): Name = "Name"; Value = "Резистор 2k±1%  0805"; VariantName = "[No Variations]"
Added Component: Designator=R26(RES: SMD 0805 MD IPC 782)
Add component (AddParameter): Name = "Code"; Value = "6027158691"; VariantName = "[No Variations]"
Add component (AddParameter): Name = "Name"; Value = "Резистор RC0805FR-071KL, Yageo"; VariantName = "[No Variations]"
Added Component: Designator=R27(RES: SMD 0805 MD IPC 782)
Add component (AddParameter): Name = "Code"; Value = "6094352561"; VariantName = "[No Variations]"
Add component (AddParameter): Name = "Name"; Value = "Резистор 2k±1%  0805"; VariantName = "[No Variations]"
Added Component: Designator=R28(RES: SMD 0805 MD IPC 782)
Add component (AddParameter): Name = "Code"; Value = "6094352561"; VariantName = "[No Variations]"
Add component (AddParameter): Name = "Name"; Value = "Резистор 2k±1%  0805"; VariantName = "[No Variations]"
Added Component: Designator=R29(RES: SMD 0805 MD IPC 782)
Add component (AddParameter): Name = "Code"; Value = "6027158691"; VariantName = "[No Variations]"
Add component (AddParameter): Name = "Name"; Value = "Резистор RC0805FR-071KL, Yageo"; VariantName = "[No Variations]"
Added Component: Designator=R30(RES: SMD 0805 MD IPC 782)
Add component (AddParameter): Name = "Code"; Value = "6094342239"; VariantName = "[No Variations]"
Add component (AddParameter): Name = "Name"; Value = "Резистор 0R ±1% 0805"; VariantName = "[No Variations]"
Added Component: Designator=R31(RES: SMD 0805 MD IPC 782)
Add component (AddParameter): Name = "Code"; Value = "6094342239"; VariantName = "[No Variations]"
Add component (AddParameter): Name = "Name"; Value = "Резистор 0R ±1% 0805"; VariantName = "[No Variations]"
Added Component: Designator=R32(RES: SMD 0805 MD IPC 782)
Add component (AddParameter): Name = "Code"; Value = "6094342239"; VariantName = "[No Variations]"
Add component (AddParameter): Name = "Name"; Value = "Резистор 0R ±1% 0805"; VariantName = "[No Variations]"
Added Component: Designator=R33(RES: SMD 0805 MD IPC 782)
Add component (AddParameter): Name = "Code"; Value = "6094342239"; VariantName = "[No Variations]"
Add component (AddParameter): Name = "Name"; Value = "Резистор 0R ±1% 0805"; VariantName = "[No Variations]"
Added Component: Designator=R34(RES: SMD 0805 MD IPC 782)
Add component (AddParameter): Name = "Code"; Value = "6094357331"; VariantName = "[No Variations]"
Add component (AddParameter): Name = "Name"; Value = "Резистор 3К ±1% 0805"; VariantName = "[No Variations]"
Added Component: Designator=R35(RES: SMD 0805 MD IPC 782)
Add component (AddParameter): Name = "Code"; Value = "6094357331"; VariantName = "[No Variations]"
Add component (AddParameter): Name = "Name"; Value = "Резистор 3К ±1% 0805"; VariantName = "[No Variations]"
Added Component: Designator=R36(RES: SMD 0603 MD IPC 782)
Add component (AddParameter): Name = "Code"; Value = "6020004221"; VariantName = "[No Variations]"
Add component (AddParameter): Name = "Name"; Value = "Резистор RC0603JR-070RL, Yageo"; VariantName = "[No Variations]"
Added Component: Designator=R37(RES: SMD 0603 MD IPC 782)
Add component (AddParameter): Name = "Code"; Value = "6020004221"; VariantName = "[No Variations]"
Add component (AddParameter): Name = "Name"; Value = "Резистор RC0603JR-070RL, Yageo"; VariantName = "[No Variations]"
Added Component: Designator=R38(RES: SMD 0805 MD IPC 782)
Add component (AddParameter): Name = "Code"; Value = "6094357025"; VariantName = "[No Variations]"
Add component (AddParameter): Name = "Name"; Value = "Резистор 300R±1%  0805"; VariantName = "[No Variations]"
Added Component: Designator=R39(RES: SMD 0805 MD IPC 782)
Add component (AddParameter): Name = "Code"; Value = "6027158691"; VariantName = "[No Variations]"
Add component (AddParameter): Name = "Name"; Value = "Резистор RC0805FR-071KL, Yageo"; VariantName = "[No Variations]"
Added Component: Designator=R40(RES: SMD 0805 MD IPC 782)
Add component (AddParameter): Name = "Code"; Value = "6027158691"; VariantName = "[No Variations]"
Add component (AddParameter): Name = "Name"; Value = "Резистор RC0805FR-071KL, Yageo"; VariantName = "[No Variations]"
Added Component: Designator=TP1(Test Point)
Added Component: Designator=TP2(Test Point)
Added Component: Designator=TP3(Test Point)
Added Component: Designator=TP4(Test Point)
Added Component: Designator=TP5(Test Point)
Added Component: Designator=TP6(Test Point)
Added Component: Designator=TP7(Test Point)
Added Component: Designator=TP8(Test Point)
Added Component: Designator=TP9(Test Point)
Added Component: Designator=TP10(Test Point)
Added Component: Designator=TP11(Test Point)
Added Component: Designator=TP12(Test Point)
Added Component: Designator=TP13(Test Point)
Added Component: Designator=TP14(Test Point)
Added Component: Designator=X1(CON: 8PIN PLS-8)
Added Component: Designator=X2(CON: 8PIN Molex Microfit 43045-0809)
Add component (AddParameter): Name = "Code"; Value = "6319244781"; VariantName = "[No Variations]"
Add component (AddParameter): Name = "Name"; Value = "Micro-Fit 3.0 43045-0809"; VariantName = "[No Variations]"
Added Pin To Net: NetName=+1.65 Pin=C22-1
Added Pin To Net: NetName=+1.65 Pin=R15-2
Added Pin To Net: NetName=+1.65 Pin=R39-1
Added Pin To Net: NetName=+1.65 Pin=R40-2
Added Net: Name=+1.65
Added Pin To Net: NetName=+3.3 Pin=DA7-2
Added Pin To Net: NetName=+3.3 Pin=DA7-4
Added Pin To Net: NetName=+3.3 Pin=R39-2
Added Net: Name=+3.3
Added Pin To Net: NetName=+5 Pin=C3-1
Added Pin To Net: NetName=+5 Pin=DA6-1
Added Pin To Net: NetName=+5 Pin=DA7-3
Added Pin To Net: NetName=+5 Pin=DD1-14
Added Pin To Net: NetName=+5 Pin=TP5-1
Added Pin To Net: NetName=+5 Pin=X1-6
Added Net: Name=+5
Added Pin To Net: NetName=+12 Pin=C10-1
Added Pin To Net: NetName=+12 Pin=C12-1
Added Pin To Net: NetName=+12 Pin=C18-2
Added Pin To Net: NetName=+12 Pin=C19-2
Added Pin To Net: NetName=+12 Pin=C20-2
Added Pin To Net: NetName=+12 Pin=C21-2
Added Pin To Net: NetName=+12 Pin=DA1-8
Added Pin To Net: NetName=+12 Pin=DA2-8
Added Pin To Net: NetName=+12 Pin=DA3-8
Added Pin To Net: NetName=+12 Pin=DA4-8
Added Pin To Net: NetName=+12 Pin=DA5-12
Added Pin To Net: NetName=+12 Pin=DA6-6
Added Net: Name=+12
Added Pin To Net: NetName=-12 Pin=C9-1
Added Pin To Net: NetName=-12 Pin=C11-1
Added Pin To Net: NetName=-12 Pin=C14-2
Added Pin To Net: NetName=-12 Pin=C15-2
Added Pin To Net: NetName=-12 Pin=C16-2
Added Pin To Net: NetName=-12 Pin=C17-2
Added Pin To Net: NetName=-12 Pin=DA1-4
Added Pin To Net: NetName=-12 Pin=DA2-4
Added Pin To Net: NetName=-12 Pin=DA3-4
Added Pin To Net: NetName=-12 Pin=DA4-4
Added Pin To Net: NetName=-12 Pin=DA5-3
Added Pin To Net: NetName=-12 Pin=DA6-4
Added Net: Name=-12
Added Pin To Net: NetName=GNDA Pin=C3-2
Added Pin To Net: NetName=GNDA Pin=C4-2
Added Pin To Net: NetName=GNDA Pin=C6-2
Added Pin To Net: NetName=GNDA Pin=C8-2
Added Pin To Net: NetName=GNDA Pin=C9-2
Added Pin To Net: NetName=GNDA Pin=C10-2
Added Pin To Net: NetName=GNDA Pin=C11-2
Added Pin To Net: NetName=GNDA Pin=C12-2
Added Pin To Net: NetName=GNDA Pin=C13-2
Added Pin To Net: NetName=GNDA Pin=C14-1
Added Pin To Net: NetName=GNDA Pin=C15-1
Added Pin To Net: NetName=GNDA Pin=C16-1
Added Pin To Net: NetName=GNDA Pin=C17-1
Added Pin To Net: NetName=GNDA Pin=C18-1
Added Pin To Net: NetName=GNDA Pin=C19-1
Added Pin To Net: NetName=GNDA Pin=C20-1
Added Pin To Net: NetName=GNDA Pin=C21-1
Added Pin To Net: NetName=GNDA Pin=C22-2
Added Pin To Net: NetName=GNDA Pin=DA2-5
Added Pin To Net: NetName=GNDA Pin=DA5-10
Added Pin To Net: NetName=GNDA Pin=DA6-2
Added Pin To Net: NetName=GNDA Pin=DA6-5
Added Pin To Net: NetName=GNDA Pin=DA7-1
Added Pin To Net: NetName=GNDA Pin=DD1-7
Added Pin To Net: NetName=GNDA Pin=R1-2
Added Pin To Net: NetName=GNDA Pin=R2-2
Added Pin To Net: NetName=GNDA Pin=R9-1
Added Pin To Net: NetName=GNDA Pin=R16-1
Added Pin To Net: NetName=GNDA Pin=R23-2
Added Pin To Net: NetName=GNDA Pin=R28-2
Added Pin To Net: NetName=GNDA Pin=R29-1
Added Pin To Net: NetName=GNDA Pin=R35-1
Added Pin To Net: NetName=GNDA Pin=R40-1
Added Pin To Net: NetName=GNDA Pin=TP4-1
Added Pin To Net: NetName=GNDA Pin=X1-8
Added Pin To Net: NetName=GNDA Pin=X2-5
Added Pin To Net: NetName=GNDA Pin=X2-6
Added Pin To Net: NetName=GNDA Pin=X2-7
Added Pin To Net: NetName=GNDA Pin=X2-8
Added Net: Name=GNDA
Added Pin To Net: NetName=GNDD Pin=R19-1
Added Pin To Net: NetName=GNDD Pin=TP6-1
Added Pin To Net: NetName=GNDD Pin=X1-7
Added Net: Name=GNDD
Added Pin To Net: NetName=I1 Pin=R30-2
Added Pin To Net: NetName=I1 Pin=R31-2
Added Pin To Net: NetName=I1 Pin=TP11-1
Added Pin To Net: NetName=I1 Pin=X2-1
Added Net: Name=I1
Added Pin To Net: NetName=I2 Pin=R32-2
Added Pin To Net: NetName=I2 Pin=R33-2
Added Pin To Net: NetName=I2 Pin=TP12-1
Added Pin To Net: NetName=I2 Pin=X2-2
Added Net: Name=I2
Added Pin To Net: NetName=NetC1_1 Pin=C1-1
Added Pin To Net: NetName=NetC1_1 Pin=DA1-5
Added Pin To Net: NetName=NetC1_1 Pin=R1-1
Added Net: Name=NetC1_1
Added Pin To Net: NetName=NetC2_1 Pin=C2-1
Added Pin To Net: NetName=NetC2_1 Pin=DA1-3
Added Pin To Net: NetName=NetC2_1 Pin=R2-1
Added Net: Name=NetC2_1
Added Pin To Net: NetName=NetC4_1 Pin=C4-1
Added Pin To Net: NetName=NetC4_1 Pin=C5-2
Added Pin To Net: NetName=NetC4_1 Pin=R20-2
Added Net: Name=NetC4_1
Added Pin To Net: NetName=NetC5_1 Pin=C5-1
Added Pin To Net: NetName=NetC5_1 Pin=DA4-5
Added Pin To Net: NetName=NetC5_1 Pin=R23-1
Added Net: Name=NetC5_1
Added Pin To Net: NetName=NetC6_1 Pin=C6-1
Added Pin To Net: NetName=NetC6_1 Pin=C7-2
Added Pin To Net: NetName=NetC6_1 Pin=R24-2
Added Pin To Net: NetName=NetC6_1 Pin=TP10-1
Added Net: Name=NetC6_1
Added Pin To Net: NetName=NetC7_1 Pin=C7-1
Added Pin To Net: NetName=NetC7_1 Pin=R27-2
Added Pin To Net: NetName=NetC7_1 Pin=R29-2
Added Net: Name=NetC7_1
Added Pin To Net: NetName=NetC8_1 Pin=C8-1
Added Pin To Net: NetName=NetC8_1 Pin=DA5-8
Added Net: Name=NetC8_1
Added Pin To Net: NetName=NetDA1_1 Pin=DA1-1
Added Pin To Net: NetName=NetDA1_1 Pin=R4-1
Added Pin To Net: NetName=NetDA1_1 Pin=R7-1
Added Net: Name=NetDA1_1
Added Pin To Net: NetName=NetDA1_2 Pin=DA1-2
Added Pin To Net: NetName=NetDA1_2 Pin=R3-2
Added Pin To Net: NetName=NetDA1_2 Pin=R4-2
Added Net: Name=NetDA1_2
Added Pin To Net: NetName=NetDA1_6 Pin=DA1-6
Added Pin To Net: NetName=NetDA1_6 Pin=R3-1
Added Pin To Net: NetName=NetDA1_6 Pin=R5-2
Added Net: Name=NetDA1_6
Added Pin To Net: NetName=NetDA1_7 Pin=DA1-7
Added Pin To Net: NetName=NetDA1_7 Pin=R5-1
Added Pin To Net: NetName=NetDA1_7 Pin=R6-1
Added Net: Name=NetDA1_7
Added Pin To Net: NetName=NetDA2_1 Pin=DA2-1
Added Pin To Net: NetName=NetDA2_1 Pin=R10-2
Added Pin To Net: NetName=NetDA2_1 Pin=R20-1
Added Net: Name=NetDA2_1
Added Pin To Net: NetName=NetDA2_2 Pin=DA2-2
Added Pin To Net: NetName=NetDA2_2 Pin=R7-2
Added Pin To Net: NetName=NetDA2_2 Pin=R10-1
Added Net: Name=NetDA2_2
Added Pin To Net: NetName=NetDA2_3 Pin=DA2-3
Added Pin To Net: NetName=NetDA2_3 Pin=R6-2
Added Pin To Net: NetName=NetDA2_3 Pin=R9-2
Added Net: Name=NetDA2_3
Added Pin To Net: NetName=NetDA2_6 Pin=DA2-6
Added Pin To Net: NetName=NetDA2_6 Pin=R8-2
Added Pin To Net: NetName=NetDA2_6 Pin=R17-1
Added Net: Name=NetDA2_6
Added Pin To Net: NetName=NetDA2_7 Pin=DA2-7
Added Pin To Net: NetName=NetDA2_7 Pin=L1-1
Added Pin To Net: NetName=NetDA2_7 Pin=R17-2
Added Pin To Net: NetName=NetDA2_7 Pin=R33-1
Added Net: Name=NetDA2_7
Added Pin To Net: NetName=NetDA3_1 Pin=DA3-1
Added Pin To Net: NetName=NetDA3_1 Pin=DA3-2
Added Pin To Net: NetName=NetDA3_1 Pin=R8-1
Added Net: Name=NetDA3_1
Added Pin To Net: NetName=NetDA3_3 Pin=DA3-3
Added Pin To Net: NetName=NetDA3_3 Pin=L1-4
Added Pin To Net: NetName=NetDA3_3 Pin=R22-2
Added Pin To Net: NetName=NetDA3_3 Pin=R26-1
Added Pin To Net: NetName=NetDA3_3 Pin=R30-1
Added Net: Name=NetDA3_3
Added Pin To Net: NetName=NetDA3_5 Pin=DA3-5
Added Pin To Net: NetName=NetDA3_5 Pin=R26-2
Added Pin To Net: NetName=NetDA3_5 Pin=R28-1
Added Net: Name=NetDA3_5
Added Pin To Net: NetName=NetDA3_6 Pin=DA3-6
Added Pin To Net: NetName=NetDA3_6 Pin=R25-2
Added Pin To Net: NetName=NetDA3_6 Pin=R27-1
Added Net: Name=NetDA3_6
Added Pin To Net: NetName=NetDA3_7 Pin=DA3-7
Added Pin To Net: NetName=NetDA3_7 Pin=R22-1
Added Pin To Net: NetName=NetDA3_7 Pin=R25-1
Added Net: Name=NetDA3_7
Added Pin To Net: NetName=NetDA4_1 Pin=DA4-1
Added Pin To Net: NetName=NetDA4_1 Pin=R21-2
Added Pin To Net: NetName=NetDA4_1 Pin=R24-1
Added Pin To Net: NetName=NetDA4_1 Pin=TP9-1
Added Net: Name=NetDA4_1
Added Pin To Net: NetName=NetDA4_2 Pin=DA4-2
Added Pin To Net: NetName=NetDA4_2 Pin=R18-2
Added Pin To Net: NetName=NetDA4_2 Pin=R21-1
Added Net: Name=NetDA4_2
Added Pin To Net: NetName=NetDA4_3 Pin=DA4-3
Added Pin To Net: NetName=NetDA4_3 Pin=R11-2
Added Pin To Net: NetName=NetDA4_3 Pin=R12-2
Added Pin To Net: NetName=NetDA4_3 Pin=R13-2
Added Pin To Net: NetName=NetDA4_3 Pin=R14-2
Added Pin To Net: NetName=NetDA4_3 Pin=R19-2
Added Pin To Net: NetName=NetDA4_3 Pin=TP8-1
Added Net: Name=NetDA4_3
Added Pin To Net: NetName=NetDA4_6 Pin=DA4-6
Added Pin To Net: NetName=NetDA4_6 Pin=DA4-7
Added Pin To Net: NetName=NetDA4_6 Pin=R34-1
Added Net: Name=NetDA4_6
Added Pin To Net: NetName=NetDA5_1 Pin=DA5-1
Added Pin To Net: NetName=NetDA5_1 Pin=R34-2
Added Pin To Net: NetName=NetDA5_1 Pin=R35-2
Added Net: Name=NetDA5_1
Added Pin To Net: NetName=NetDA5_7 Pin=DA5-7
Added Pin To Net: NetName=NetDA5_7 Pin=R38-1
Added Net: Name=NetDA5_7
Added Pin To Net: NetName=NetDA5_11 Pin=DA5-11
Added Pin To Net: NetName=NetDA5_11 Pin=R36-1
Added Pin To Net: NetName=NetDA5_11 Pin=R37-1
Added Net: Name=NetDA5_11
Added Pin To Net: NetName=NetL1_2 Pin=L1-2
Added Pin To Net: NetName=NetL1_2 Pin=R32-1
Added Net: Name=NetL1_2
Added Pin To Net: NetName=NetL1_3 Pin=L1-3
Added Pin To Net: NetName=NetL1_3 Pin=R31-1
Added Net: Name=NetL1_3
Added Pin To Net: NetName=NetR15_1 Pin=R15-1
Added Pin To Net: NetName=NetR15_1 Pin=R16-2
Added Pin To Net: NetName=NetR15_1 Pin=R18-1
Added Pin To Net: NetName=NetR15_1 Pin=TP7-1
Added Net: Name=NetR15_1
Added Pin To Net: NetName=OFF ADJ Pin=DA5-14
Added Net: Name=OFF ADJ
Added Pin To Net: NetName=PWR1 Pin=DD1-1
Added Pin To Net: NetName=PWR1 Pin=DD1-2
Added Pin To Net: NetName=PWR1 Pin=R11-1
Added Pin To Net: NetName=PWR1 Pin=R36-2
Added Pin To Net: NetName=PWR1 Pin=TP1-1
Added Pin To Net: NetName=PWR1 Pin=X1-1
Added Net: Name=PWR1
Added Pin To Net: NetName=PWR2 Pin=DD1-5
Added Pin To Net: NetName=PWR2 Pin=DD1-6
Added Pin To Net: NetName=PWR2 Pin=R12-1
Added Pin To Net: NetName=PWR2 Pin=R37-2
Added Pin To Net: NetName=PWR2 Pin=TP2-1
Added Pin To Net: NetName=PWR2 Pin=X1-2
Added Net: Name=PWR2
Added Pin To Net: NetName=PWR_1 Pin=DD1-3
Added Pin To Net: NetName=PWR_1 Pin=R13-1
Added Net: Name=PWR_1
Added Pin To Net: NetName=PWR_2 Pin=DD1-4
Added Pin To Net: NetName=PWR_2 Pin=R14-1
Added Net: Name=PWR_2
Added Pin To Net: NetName=U1 Pin=C2-2
Added Pin To Net: NetName=U1 Pin=TP13-1
Added Pin To Net: NetName=U1 Pin=X2-3
Added Net: Name=U1
Added Pin To Net: NetName=U2 Pin=C1-2
Added Pin To Net: NetName=U2 Pin=TP14-1
Added Pin To Net: NetName=U2 Pin=X2-4
Added Net: Name=U2
Added Pin To Net: NetName=U_H Pin=C13-1
Added Pin To Net: NetName=U_H Pin=R38-2
Added Pin To Net: NetName=U_H Pin=TP3-1
Added Pin To Net: NetName=U_H Pin=X1-3
Added Net: Name=U_H
Added Class: Name=inj_meas
