Removed Pin From Net: NetName=NetDA2_2 Pin=DA2-2
Removed Pin From Net: NetName=NetDA3_3 Pin=DA3-3
Removed Pin From Net: NetName=NetDA4_1 Pin=DA4-1
Removed Pin From Net: NetName=NetDA4_3 Pin=DA4-3
Removed Pin From Net: NetName=NetDA2_2 Pin=R7-2
Removed Pin From Net: NetName=NetDA2_2 Pin=R10-1
Removed Pin From Net: NetName=NetDA4_2 Pin=R18-2
Removed Pin From Net: NetName=NetDA4_2 Pin=R21-1
Change Component Designator: OldDesignator=C1 NewDesignator=C2
Change Component Designator: OldDesignator=C2 NewDesignator=C3
Change Component Designator: OldDesignator=C3 NewDesignator=C1
Change Component Designator: OldDesignator=C4 NewDesignator=C6
Change Component Designator: OldDesignator=C5 NewDesignator=C7
Change Component Designator: OldDesignator=C6 NewDesignator=C4
Change Component Designator: OldDesignator=C7 NewDesignator=C5
Change Component Designator: OldDesignator=C8 NewDesignator=C16
Change Component Designator: OldDesignator=C9 NewDesignator=C17
Change Component Designator: OldDesignator=C10 NewDesignator=C18
Change Component Designator: OldDesignator=C11 NewDesignator=C20
Change Component Designator: OldDesignator=C12 NewDesignator=C21
Change Component Designator: OldDesignator=C13 NewDesignator=C22
Change Component Designator: OldDesignator=C14 NewDesignator=C8
Change Component Designator: OldDesignator=C15 NewDesignator=C9
Change Component Designator: OldDesignator=C16 NewDesignator=C10
Change Component Designator: OldDesignator=C17 NewDesignator=C11
Change Component Designator: OldDesignator=C18 NewDesignator=C12
Change Component Designator: OldDesignator=C19 NewDesignator=C13
Change Component Designator: OldDesignator=C20 NewDesignator=C14
Change Component Designator: OldDesignator=C21 NewDesignator=C15
Change Component Designator: OldDesignator=C22 NewDesignator=C19
Change Component Designator: OldDesignator=DA1 NewDesignator=DA3
Change Component Designator: OldDesignator=DA2 NewDesignator=DA1
Change Component Designator: OldDesignator=DA3 NewDesignator=DA2
Change Component Designator: OldDesignator=DA5 NewDesignator=DA7
Change Component Designator: OldDesignator=DA6 NewDesignator=DA5
Change Component Designator: OldDesignator=DA7 NewDesignator=DA6
Change Component Designator: OldDesignator=R1 NewDesignator=R19
Change Component Designator: OldDesignator=R2 NewDesignator=R20
Change Component Designator: OldDesignator=R3 NewDesignator=R25
Change Component Designator: OldDesignator=R4 NewDesignator=R26
Change Component Designator: OldDesignator=R5 NewDesignator=R27
Change Component Designator: OldDesignator=R6 NewDesignator=R28
Change Component Designator: OldDesignator=R7 NewDesignator=R29
Change Component Designator: OldDesignator=R8 NewDesignator=R1
Change Component Designator: OldDesignator=R9 NewDesignator=R30
Change Component Designator: OldDesignator=R10 NewDesignator=R31
Change Component Designator: OldDesignator=R11 NewDesignator=R3
Change Component Designator: OldDesignator=R12 NewDesignator=R4
Change Component Designator: OldDesignator=R13 NewDesignator=R5
Change Component Designator: OldDesignator=R14 NewDesignator=R6
Change Component Designator: OldDesignator=R15 NewDesignator=R7
Change Component Designator: OldDesignator=R16 NewDesignator=R8
Change Component Designator: OldDesignator=R17 NewDesignator=R2
Change Component Designator: OldDesignator=R18 NewDesignator=R9
Change Component Designator: OldDesignator=R19 NewDesignator=R10
Change Component Designator: OldDesignator=R20 NewDesignator=R32
Change Component Designator: OldDesignator=R21 NewDesignator=R12
Change Component Designator: OldDesignator=R22 NewDesignator=R11
Change Component Designator: OldDesignator=R23 NewDesignator=R33
Change Component Designator: OldDesignator=R24 NewDesignator=R17
Change Component Designator: OldDesignator=R25 NewDesignator=R13
Change Component Designator: OldDesignator=R26 NewDesignator=R14
Change Component Designator: OldDesignator=R27 NewDesignator=R15
Change Component Designator: OldDesignator=R28 NewDesignator=R16
Change Component Designator: OldDesignator=R29 NewDesignator=R18
Change Component Designator: OldDesignator=R30 NewDesignator=R21
Change Component Designator: OldDesignator=R31 NewDesignator=R22
Change Component Designator: OldDesignator=R32 NewDesignator=R23
Change Component Designator: OldDesignator=R33 NewDesignator=R24
Change Component Designator: OldDesignator=R38 NewDesignator=R40
Change Component Designator: OldDesignator=R39 NewDesignator=R38
Change Component Designator: OldDesignator=R40 NewDesignator=R39
Added Pin To Net: NetName=NetDA3_3 Pin=DA1-3
Added Pin To Net: NetName=NetDA4_1 Pin=DA2-1
Added Pin To Net: NetName=NetDA2_2 Pin=DA2-2
Added Pin To Net: NetName=NetDA4_3 Pin=DA2-3
Added Pin To Net: NetName=NetDA2_2 Pin=R9-2
Added Pin To Net: NetName=NetDA2_2 Pin=R12-1
Added Pin To Net: NetName=NetDA4_2 Pin=R29-2
Added Pin To Net: NetName=NetDA4_2 Pin=R31-1
Added Pin To Net: NetName=OFF ADJ Pin=X1-4
Change Net Name : Old Net Name=NetC1_1 New Net Name=NetC2_1
Change Net Name : Old Net Name=NetC2_1 New Net Name=NetC3_1
Change Net Name : Old Net Name=NetC4_1 New Net Name=NetC6_1
Change Net Name : Old Net Name=NetC5_1 New Net Name=NetC7_1
Change Net Name : Old Net Name=NetC6_1 New Net Name=NetC4_1
Change Net Name : Old Net Name=NetC7_1 New Net Name=NetC5_1
Change Net Name : Old Net Name=NetC8_1 New Net Name=NetC16_1
Change Net Name : Old Net Name=NetDA1_1 New Net Name=NetDA3_1
Change Net Name : Old Net Name=NetDA1_2 New Net Name=NetDA3_2
Change Net Name : Old Net Name=NetDA1_6 New Net Name=NetDA3_6
Change Net Name : Old Net Name=NetDA1_7 New Net Name=NetDA3_7
Change Net Name : Old Net Name=NetDA2_6 New Net Name=NetDA1_6
Change Net Name : Old Net Name=NetDA2_7 New Net Name=NetDA1_7
Change Net Name : Old Net Name=NetDA3_3 New Net Name=NetDA1_3
Change Net Name : Old Net Name=NetDA3_5 New Net Name=NetDA2_5
Change Net Name : Old Net Name=NetDA3_6 New Net Name=NetDA2_6
Change Net Name : Old Net Name=NetDA3_7 New Net Name=NetDA2_7
Change Net Name : Old Net Name=NetDA4_1 New Net Name=NetDA2_1
Change Net Name : Old Net Name=NetDA4_3 New Net Name=NetDA2_3
Change Net Name : Old Net Name=NetDA5_1 New Net Name=NetDA7_1
Change Net Name : Old Net Name=NetDA5_7 New Net Name=NetDA7_7
Change Net Name : Old Net Name=NetDA5_11 New Net Name=NetDA7_11
Change Net Name : Old Net Name=NetR15_1 New Net Name=NetR7_1
Added Pin To Net: NetName=NetDA1_1 Pin=DA1-1
Added Pin To Net: NetName=NetDA1_1 Pin=DA1-2
Added Pin To Net: NetName=NetDA1_1 Pin=R1-1
Added Net: Name=NetDA1_1
Added Pin To Net: NetName=NetDA4_1 Pin=DA4-1
Added Pin To Net: NetName=NetDA4_1 Pin=R31-2
Added Pin To Net: NetName=NetDA4_1 Pin=R32-1
Added Net: Name=NetDA4_1
Added Pin To Net: NetName=NetDA4_3 Pin=DA4-3
Added Pin To Net: NetName=NetDA4_3 Pin=R28-2
Added Pin To Net: NetName=NetDA4_3 Pin=R30-2
Added Net: Name=NetDA4_3
