Change Component Designator: Old Designator=L? New Designator=L2
Change Component Designator: Old Designator=R33 New Designator=R35
Change Component Designator: Old Designator=R34 New Designator=R36
Change Component Designator: Old Designator=R35 New Designator=R37
Change Component Designator: Old Designator=R36 New Designator=R38
Change Component Designator: Old Designator=R37 New Designator=R39
Change Component Designator: Old Designator=R38 New Designator=R40
Change Component Designator: Old Designator=R39 New Designator=R41
Change Component Designator: Old Designator=R40 New Designator=R42
Change Component Designator: Old Designator=R41 New Designator=R43
Change Component Designator: Old Designator=R42 New Designator=R44
Change Component Designator: Old Designator=R43 New Designator=R45
Change Component Designator: Old Designator=R? New Designator=R33
Change Component Designator: Old Designator=R? New Designator=R34
Change Component Designator: Old Designator=TP6 New Designator=TP5
Change Component Designator: Old Designator=TP7 New Designator=TP6
Change Component Designator: Old Designator=TP8 New Designator=TP7
Change Component Designator: Old Designator=TP9 New Designator=TP8
Change Component Designator: Old Designator=TP10 New Designator=TP9
Change Component Designator: Old Designator=TP11 New Designator=TP10
Change Component Designator: Old Designator=TP12 New Designator=TP11
Change Component Designator: Old Designator=TP13 New Designator=TP16
Change Component Designator: Old Designator=TP14 New Designator=TP17
Change Component Designator: Old Designator=TP15 New Designator=TP18
Change Component Designator: Old Designator=TP16 New Designator=TP19
Change Component Designator: Old Designator=TP17 New Designator=TP20
Change Component Designator: Old Designator=TP18 New Designator=TP21
Change Component Designator: Old Designator=TP19 New Designator=TP22
Change Component Designator: Old Designator=TP20 New Designator=TP23
Change Component Designator: Old Designator=TP21 New Designator=TP24
Change Component Designator: Old Designator=TP22 New Designator=TP25
Change Component Designator: Old Designator=TP23 New Designator=TP26
Change Component Designator: Old Designator=TP24 New Designator=TP27
Change Component Designator: Old Designator=TP25 New Designator=TP28
Change Component Designator: Old Designator=TP? New Designator=TP12
Change Component Designator: Old Designator=TP? New Designator=TP13
Change Component Designator: Old Designator=TP? New Designator=TP14
Change Component Designator: Old Designator=TP? New Designator=TP15
