Change Component Designator: OldDesignator=R18 NewDesignator=R19
Change Component Designator: OldDesignator=R19 NewDesignator=R20
Change Component Designator: OldDesignator=R20 NewDesignator=R21
Change Component Designator: OldDesignator=R21 NewDesignator=R22
Change Component Designator: OldDesignator=R22 NewDesignator=R23
Change Component Designator: OldDesignator=R23 NewDesignator=R24
Change Component Designator: OldDesignator=R24 NewDesignator=R25
Change Component Designator: OldDesignator=R25 NewDesignator=R26
Change Component Designator: OldDesignator=R26 NewDesignator=R27
Change Component Designator: OldDesignator=R27 NewDesignator=R28
Change Component Designator: OldDesignator=R28 NewDesignator=R29
Change Component Designator: OldDesignator=R29 NewDesignator=R30
Change Component Designator: OldDesignator=R30 NewDesignator=R31
Change Component Designator: OldDesignator=R31 NewDesignator=R32
Change Component Designator: OldDesignator=R32 NewDesignator=R33
Change Component Designator: OldDesignator=R33 NewDesignator=R34
Change Component Designator: OldDesignator=R34 NewDesignator=R35
Change Component Designator: OldDesignator=R35 NewDesignator=R36
Change Component Designator: OldDesignator=R36 NewDesignator=R37
Change Component Designator: OldDesignator=R37 NewDesignator=R38
Change Component Designator: OldDesignator=R38 NewDesignator=R39
Change Component Designator: OldDesignator=R39 NewDesignator=R40
Change Component Designator: OldDesignator=R40 NewDesignator=R41
Added Component: Designator=R18(RES: SMD 0805 MD IPC 782)
Add component (AddParameter): Name = "Code"; Value = "6094342239"; VariantName = "[No Variations]"
Add component (AddParameter): Name = "Name"; Value = "Резистор 0R ±1% 0805"; VariantName = "[No Variations]"
Added Pin To Net: NetName=GNDA Pin=R18-1
Added Pin To Net: NetName=NetDA1_7 Pin=R18-2
Added Member To Class: ClassName=inj_meas Member=Component R41 300 ±1%  0805
