Change Component Designator: Old Designator=+5 New Designator=+1
Change Component Designator: Old Designator=+12 New Designator=+2
Change Component Designator: Old Designator=-12 New Designator=-1
Change Component Designator: Old Designator=C2 New Designator=C4
Change Component Designator: Old Designator=C3 New Designator=C7
Change Component Designator: Old Designator=C4 New Designator=C2
Change Component Designator: Old Designator=C5 New Designator=C3
Change Component Designator: Old Designator=C6 New Designator=C8
Change Component Designator: Old Designator=C7 New Designator=C9
Change Component Designator: Old Designator=C8 New Designator=C10
Change Component Designator: Old Designator=C9 New Designator=C11
Change Component Designator: Old Designator=C10 New Designator=C12
Change Component Designator: Old Designator=C11 New Designator=C13
Change Component Designator: Old Designator=C12 New Designator=C15
Change Component Designator: Old Designator=C13 New Designator=C16
Change Component Designator: Old Designator=C14 New Designator=C17
Change Component Designator: Old Designator=C15 New Designator=C18
Change Component Designator: Old Designator=C16 New Designator=C20
Change Component Designator: Old Designator=C17 New Designator=C21
Change Component Designator: Old Designator=C18 New Designator=C22
Change Component Designator: Old Designator=C19 New Designator=C25
Change Component Designator: Old Designator=C20 New Designator=C23
Change Component Designator: Old Designator=C21 New Designator=C24
Change Component Designator: Old Designator=C22 New Designator=C26
Change Component Designator: Old Designator=C? New Designator=C5
Change Component Designator: Old Designator=C? New Designator=C6
Change Component Designator: Old Designator=C? New Designator=C14
Change Component Designator: Old Designator=C? New Designator=C19
Change Component Designator: Old Designator=DA1 New Designator=DA2
Change Component Designator: Old Designator=DA1 New Designator=DA2
Change Component Designator: Old Designator=DA2 New Designator=DA1
Change Component Designator: Old Designator=DA2 New Designator=DA3
Change Component Designator: Old Designator=DA3 New Designator=DA4
Change Component Designator: Old Designator=DA3 New Designator=DA4
Change Component Designator: Old Designator=DA4 New Designator=DA5
Change Component Designator: Old Designator=DA4 New Designator=DA5
Change Component Designator: Old Designator=DA5 New Designator=DA7
Change Component Designator: Old Designator=DA6 New Designator=DA8
Change Component Designator: Old Designator=DA7 New Designator=DA9
Change Component Designator: Old Designator=DA8 New Designator=DA6
Change Component Designator: Old Designator=DA? New Designator=DA3
Change Component Designator: Old Designator=DA? New Designator=DA1
Change Component Designator: Old Designator=GND New Designator=GND1
Change Component Designator: Old Designator=GND New Designator=GND2
Change Component Designator: Old Designator=GNDA New Designator=GNDA1
Change Component Designator: Old Designator=I1_MIT New Designator=I3
Change Component Designator: Old Designator=I2_MIT New Designator=I4
Change Component Designator: Old Designator=OUT New Designator=OUT1
Change Component Designator: Old Designator=R2 New Designator=R12
Change Component Designator: Old Designator=R3 New Designator=R14
Change Component Designator: Old Designator=R4 New Designator=R2
Change Component Designator: Old Designator=R5 New Designator=R3
Change Component Designator: Old Designator=R6 New Designator=R4
Change Component Designator: Old Designator=R7 New Designator=R5
Change Component Designator: Old Designator=R8 New Designator=R6
Change Component Designator: Old Designator=R9 New Designator=R7
Change Component Designator: Old Designator=R10 New Designator=R8
Change Component Designator: Old Designator=R11 New Designator=R9
Change Component Designator: Old Designator=R12 New Designator=R17
Change Component Designator: Old Designator=R13 New Designator=R10
Change Component Designator: Old Designator=R14 New Designator=R18
Change Component Designator: Old Designator=R15 New Designator=R19
Change Component Designator: Old Designator=R16 New Designator=R20
Change Component Designator: Old Designator=R17 New Designator=R21
Change Component Designator: Old Designator=R18 New Designator=R11
Change Component Designator: Old Designator=R19 New Designator=R22
Change Component Designator: Old Designator=R20 New Designator=R13
Change Component Designator: Old Designator=R21 New Designator=R24
Change Component Designator: Old Designator=R22 New Designator=R29
Change Component Designator: Old Designator=R23 New Designator=R25
Change Component Designator: Old Designator=R24 New Designator=R26
Change Component Designator: Old Designator=R25 New Designator=R27
Change Component Designator: Old Designator=R26 New Designator=R28
Change Component Designator: Old Designator=R27 New Designator=R16
Change Component Designator: Old Designator=R28 New Designator=R30
Change Component Designator: Old Designator=R29 New Designator=R31
Change Component Designator: Old Designator=R30 New Designator=R32
Change Component Designator: Old Designator=R31 New Designator=R33
Change Component Designator: Old Designator=R32 New Designator=R34
Change Component Designator: Old Designator=R33 New Designator=R35
Change Component Designator: Old Designator=R34 New Designator=R36
Change Component Designator: Old Designator=R35 New Designator=R37
Change Component Designator: Old Designator=R36 New Designator=R38
Change Component Designator: Old Designator=R37 New Designator=R39
Change Component Designator: Old Designator=R38 New Designator=R40
Change Component Designator: Old Designator=R39 New Designator=R41
Change Component Designator: Old Designator=R40 New Designator=R42
Change Component Designator: Old Designator=R41 New Designator=R43
Change Component Designator: Old Designator=R42 New Designator=R44
Change Component Designator: Old Designator=R43 New Designator=R45
Change Component Designator: Old Designator=R44 New Designator=R46
Change Component Designator: Old Designator=R45 New Designator=R47
Change Component Designator: Old Designator=R? New Designator=R15
Change Component Designator: Old Designator=R? New Designator=R23
Change Component Designator: Old Designator=SUM New Designator=SUM1
Change Component Designator: Old Designator=SUM New Designator=SUM2
Change Component Designator: Old Designator=TP4 New Designator=TP1
Change Component Designator: Old Designator=TP6 New Designator=TP2
Change Component Designator: Old Designator=TP7 New Designator=TP3
Change Component Designator: Old Designator=TP10 New Designator=TP4
Change Component Designator: Old Designator=TP15 New Designator=TP5
Change Component Designator: Old Designator=TP16 New Designator=TP6
Change Component Designator: Old Designator=TP18 New Designator=TP7
Change Component Designator: Old Designator=TP19 New Designator=TP8
Change Component Designator: Old Designator=TP20 New Designator=TP9
Change Component Designator: Old Designator=TP21 New Designator=TP10
Change Component Designator: Old Designator=TP22 New Designator=TP11
Change Component Designator: Old Designator=TP23 New Designator=TP12
Change Component Designator: Old Designator=TP24 New Designator=TP13
Change Component Designator: Old Designator=TP25 New Designator=TP14
